"D:/UnrealEngine/PacMan/Content/Geometry/Materials/BasicMaterial_Master.uasset" 0
"D:/UnrealEngine/PacMan/Content/Geometry/Meshes/CubeMaterial.uasset" 1
"D:/UnrealEngine/PacMan/Content/Geometry/Meshes/1M_Cube_Chamfer.uasset" 2
"D:/UnrealEngine/PacMan/Content/Geometry/Materials/Floor_Instance.uasset" 3
"D:/UnrealEngine/PacMan/Content/Geometry/Meshes/Floor.uasset" 4
"D:/UnrealEngine/PacMan/Content/Geometry/Meshes/TemplateFloor.uasset" 5
"D:/UnrealEngine/PacMan/Content/Geometry/Materials/Walls_Instance.uasset" 6
"D:/UnrealEngine/PacMan/Content/Geometry/Meshes/Walls.uasset" 7
"D:/UnrealEngine/PacMan/Content/Mannequin/Character/Mesh/UE4_Mannequin_Skeleton.uasset" 8
"D:/UnrealEngine/PacMan/Content/Mannequin/Animations/ThirdPersonJump_End.uasset" 9
"D:/UnrealEngine/PacMan/Content/Mannequin/Animations/ThirdPersonWalk.uasset" 10
"D:/UnrealEngine/PacMan/Content/Mannequin/Animations/ThirdPersonRun.uasset" 11
"D:/UnrealEngine/PacMan/Content/Mannequin/Animations/ThirdPersonIdle.uasset" 12
"D:/UnrealEngine/PacMan/Content/Mannequin/Animations/ThirdPerson_IdleRun_2D.uasset" 13
"D:/UnrealEngine/PacMan/Content/Mannequin/Animations/ThirdPerson_Jump.uasset" 14
"D:/UnrealEngine/PacMan/Content/Mannequin/Animations/ThirdPersonJump_Start.uasset" 15
"D:/UnrealEngine/PacMan/Content/Mannequin/Animations/ThirdPersonJump_Loop.uasset" 16
"../../../Engine/Content/EditorBlueprintResources/StandardMacros.uasset" 17
"D:/UnrealEngine/PacMan/Content/Mannequin/Animations/ThirdPerson_AnimBP.uasset" 18
"D:/UnrealEngine/PacMan/Content/Mannequin/Character/Mesh/SK_Mannequin_PhysicsAsset.uasset" 19
"D:/UnrealEngine/PacMan/Content/Mannequin/Character/Textures/T_UE4Logo_N.uasset" 20
"D:/UnrealEngine/PacMan/Content/Mannequin/Character/Textures/T_UE4Logo_Mask.uasset" 21
"D:/UnrealEngine/PacMan/Content/Mannequin/Character/Textures/T_Male_N.uasset" 22
"D:/UnrealEngine/PacMan/Content/Mannequin/Character/Textures/T_Male_Mask.uasset" 23
"D:/UnrealEngine/PacMan/Content/Mannequin/Character/Materials/MaterialLayers/T_ML_Rubber_Blue_01_N.uasset" 24
"D:/UnrealEngine/PacMan/Content/Mannequin/Character/Materials/MaterialLayers/T_ML_Rubber_Blue_01_D.uasset" 25
"D:/UnrealEngine/PacMan/Content/Mannequin/Character/Materials/MaterialLayers/T_ML_Aluminum01_N.uasset" 26
"D:/UnrealEngine/PacMan/Content/Mannequin/Character/Materials/MaterialLayers/T_ML_Aluminum01.uasset" 27
"D:/UnrealEngine/PacMan/Content/Mannequin/Character/Materials/MaterialLayers/ML_SoftMetal_UE4.uasset" 28
"D:/UnrealEngine/PacMan/Content/Mannequin/Character/Materials/MaterialLayers/ML_Plastic_Shiny_Beige_LOGO.uasset" 29
"D:/UnrealEngine/PacMan/Content/Mannequin/Character/Materials/MaterialLayers/ML_Plastic_Shiny_Beige.uasset" 30
"D:/UnrealEngine/PacMan/Content/Mannequin/Character/Materials/MaterialLayers/ML_GlossyBlack_Latex_UE4.uasset" 31
"../../../Engine/Content/Functions/MaterialLayerFunctions/MatLayerBlend_Simple.uasset" 32
"../../../Engine/Content/Functions/Engine_MaterialFunctions02/Utility/BlendAngleCorrectedNormals.uasset" 33
"../../../Engine/Content/Functions/MaterialLayerFunctions/MatLayerBlend_NormalBlend.uasset" 34
"D:/UnrealEngine/PacMan/Content/Mannequin/Character/Materials/M_Male_Body.uasset" 35
"D:/UnrealEngine/PacMan/Content/Mannequin/Character/Materials/M_UE4Man_ChestLogo.uasset" 36
"D:/UnrealEngine/PacMan/Content/Mannequin/Character/Mesh/SK_Mannequin.uasset" 37
"D:/UnrealEngine/PacMan/Content/Mannequin/Character/Mesh/SK_Mannequin_Female_PhysicsAsset.uasset" 38
"D:/UnrealEngine/PacMan/Content/Mannequin/Character/Textures/T_Female_N.uasset" 39
"D:/UnrealEngine/PacMan/Content/Mannequin/Character/Textures/T_Female_Mask.uasset" 40
"D:/UnrealEngine/PacMan/Content/Mannequin/Character/Materials/MI_Female_Body.uasset" 41
"D:/UnrealEngine/PacMan/Content/Mannequin/Character/Mesh/SK_Mannequin_Female.uasset" 42
"D:/UnrealEngine/PacMan/Content/Sounds/death_alt.uasset" 43
"D:/UnrealEngine/PacMan/Content/Sounds/player_death.uasset" 44
"D:/UnrealEngine/PacMan/Content/TopDownBP/TopDownOverview.uasset" 45
"D:/UnrealEngine/PacMan/Content/TopDownBP/Blueprints/BPC_TopDownController.uasset" 46
"D:/UnrealEngine/PacMan/Content/TopDownBP/Blueprints/MainMenuGameMode.uasset" 47
"../../../Engine/Content/Functions/Engine_MaterialFunctions01/Density/ExponentialDensity.uasset" 48
"../../../Engine/Content/Functions/Engine_MaterialFunctions01/Gradient/RadialGradientExponential.uasset" 49
"D:/UnrealEngine/PacMan/Content/TopDownBP/Blueprints/M_Cursor_Decal.uasset" 50
"D:/UnrealEngine/PacMan/Content/TopDownBP/UI/PackMan_Tex.uasset" 51
"D:/UnrealEngine/PacMan/Content/TopDownBP/UI/PanelWindow.uasset" 52
"D:/UnrealEngine/PacMan/Content/TopDownBP/UI/Button.uasset" 53
"D:/UnrealEngine/PacMan/Content/Highscores/User_Highscore.uasset" 54
"D:/UnrealEngine/PacMan/Content/Highscores/SG_Highscores.uasset" 55
"D:/UnrealEngine/PacMan/Content/TopDownBP/UI/HUD.uasset" 56
"D:/UnrealEngine/PacMan/Content/TopDownBP/Characters/PacMan/pacman_02_PhysicsAsset.uasset" 57
"D:/UnrealEngine/PacMan/Content/TopDownBP/Characters/PacMan/PacManYellow.uasset" 58
"D:/UnrealEngine/PacMan/Content/TopDownBP/Characters/PacMan/PacManBlack.uasset" 59
"D:/UnrealEngine/PacMan/Content/TopDownBP/Characters/PacMan/pacman_02_Skeleton.uasset" 60
"D:/UnrealEngine/PacMan/Content/TopDownBP/Characters/PacMan/pacman_02.uasset" 61
"../../../Engine/Content/Animation/DefaultAnimCurveCompressionSettings.uasset" 62
"../../../Engine/Content/Animation/DefaultAnimBoneCompressionSettings.uasset" 63
"D:/UnrealEngine/PacMan/Content/TopDownBP/Characters/PacMan/pacman_02_Anim_Armature_Eat.uasset" 64
"D:/UnrealEngine/PacMan/Content/TopDownBP/Characters/PacMan/PacManAnimBP.uasset" 65
"D:/UnrealEngine/PacMan/Content/TopDownBP/UI/PointsText.uasset" 66
"D:/UnrealEngine/PacMan/Content/TopDownBP/Blueprints/I_Ghost.uasset" 67
"D:/UnrealEngine/PacMan/Content/TopDownBP/Blueprints/I_Collectable.uasset" 68
"D:/UnrealEngine/PacMan/Content/Sounds/level_cleared.uasset" 69
"D:/UnrealEngine/PacMan/Content/Sounds/game_over.uasset" 70
"D:/UnrealEngine/PacMan/Content/TopDownBP/Blueprints/BP_TopDownCharacter.uasset" 71
"D:/UnrealEngine/PacMan/Content/TopDownBP/Blueprints/TopDownCharacter.uasset" 72
"D:/UnrealEngine/PacMan/Content/TopDownBP/Blueprints/TopDownController.uasset" 73
"D:/UnrealEngine/PacMan/Content/TopDownBP/Blueprints/PacManGameMode.uasset" 74
"D:/UnrealEngine/PacMan/Content/TopDownBP/Blueprints/TopDownGameMode.uasset" 75
"D:/UnrealEngine/PacMan/Content/TopDownBP/Maps/TopDownExampleMap.uasset" 76
"D:/UnrealEngine/PacMan/Content/TopDownBP/Maps/Level_1_BuiltData.uasset" 77
"D:/UnrealEngine/PacMan/Content/TopDownBP/Maps/TopDownExampleMap_BuiltData.uasset" 78
"D:/UnrealEngine/PacMan/Content/TopDownBP/Characters/PacMan/pacman_02_Anim_Armature_Eat_001.uasset" 79
"D:/UnrealEngine/PacMan/Content/TopDownBP/Characters/Ghost/ghost_Skeleton.uasset" 80
"D:/UnrealEngine/PacMan/Content/TopDownBP/Characters/Ghost/ghost_PhysicsAsset.uasset" 81
"D:/UnrealEngine/PacMan/Content/TopDownBP/Characters/Ghost/Iris.uasset" 82
"D:/UnrealEngine/PacMan/Content/TopDownBP/Characters/Ghost/EyeWhite.uasset" 83
"D:/UnrealEngine/PacMan/Content/TopDownBP/Characters/Ghost/BodyMaster.uasset" 84
"D:/UnrealEngine/PacMan/Content/TopDownBP/Characters/Ghost/ghost.uasset" 85
"D:/UnrealEngine/PacMan/Content/TopDownBP/UI/PackManRenderTarget2D.uasset" 86
"D:/UnrealEngine/PacMan/Content/TopDownBP/Characters/Ghost/Yellow_Inst.uasset" 87
"D:/UnrealEngine/PacMan/Content/TopDownBP/UI/BP_TextureCreator.uasset" 88
"D:/UnrealEngine/PacMan/Content/TopDownBP/UI/Ghost1_Tex.uasset" 89
"D:/UnrealEngine/PacMan/Content/TopDownBP/UI/Ghost2_Tex.uasset" 90
"D:/UnrealEngine/PacMan/Content/TopDownBP/UI/Ghost3_Tex.uasset" 91
"D:/UnrealEngine/PacMan/Content/TopDownBP/UI/Ghost4_Tex.uasset" 92
"D:/UnrealEngine/PacMan/Content/TopDownBP/UI/PackManRenderTarget2D_Tex.uasset" 93
"../../../Engine/Content/EngineMaterials/T_Default_Material_Grid_N.uasset" 94
"../../../Engine/Content/EngineMaterials/T_Default_Material_Grid_M.uasset" 95
"../../../Engine/Content/Functions/Engine_MaterialFunctions01/Opacity/CameraDepthFade.uasset" 96
"../../../Engine/Content/EngineMaterials/WorldGridMaterial.uasset" 97
"../../../Engine/Content/ArtTools/RenderToTexture/Meshes/S_1_Unit_Plane.uasset" 98
"../../../Engine/Content/EngineMaterials/DefaultMaterial.uasset" 99
"../../../Engine/Content/BasicShapes/Cone.uasset" 100
"../../../Engine/Content/BasicShapes/Cube.uasset" 101
"../../../Engine/Content/BasicShapes/Plane.uasset" 102
"../../../Engine/Content/BasicShapes/Sphere.uasset" 103
"../../../Engine/Content/EditorLandscapeResources/DataLayer.uasset" 104
"../../../Engine/Content/EditorLandscapeResources/DefaultAlphaTexture.uasset" 105
"../../../Engine/Content/EditorMaterials/MAT_Groups_Toggle.uasset" 106
"../../../Engine/Content/EditorMaterials/MAT_Groups_Visibility.uasset" 107
"../../../Engine/Content/EditorMaterials/PreviewShadowIndicator.uasset" 108
"../../../Engine/Content/EditorMaterials/PreviewShadowIndicatorMaterial.uasset" 109
"../../../Engine/Content/EditorMaterials/MatineeGroups/MAT_ColorTrack.uasset" 110
"../../../Engine/Content/EditorMaterials/MatineeGroups/MAT_Groups_Anim.uasset" 111
"../../../Engine/Content/EditorMaterials/MatineeGroups/MAT_Groups_AudioMaster.uasset" 112
"../../../Engine/Content/EditorMaterials/MatineeGroups/MAT_Groups_Director.uasset" 113
"../../../Engine/Content/EditorMaterials/MatineeGroups/MAT_Groups_Event.uasset" 114
"../../../Engine/Content/EditorMaterials/MatineeGroups/MAT_Groups_Fade.uasset" 115
"../../../Engine/Content/EditorMaterials/MatineeGroups/MAT_Groups_Float.uasset" 116
"../../../Engine/Content/EditorMaterials/MatineeGroups/MAT_Groups_Move.uasset" 117
"../../../Engine/Content/EditorMaterials/MatineeGroups/MAT_Groups_Slomo.uasset" 118
"../../../Engine/Content/EditorMaterials/MatineeGroups/MAT_Groups_Sound.uasset" 119
"../../../Engine/Content/EditorMaterials/MatineeGroups/MAT_Groups_Vector.uasset" 120
"../../../Engine/Content/EditorMaterials/ParticleSystems/PSysThumbnail_NoImage.uasset" 121
"../../../Engine/Content/EditorMaterials/ParticleSystems/PSysThumbnail_OOD.uasset" 122
"../../../Engine/Content/EditorMaterials/Camera/CineMat.uasset" 123
"../../../Engine/Content/EditorMaterials/Camera/MI_CineMat_Rig.uasset" 124
"../../../Engine/Content/EditorMeshes/Camera/SM_CraneRig_Arm.uasset" 125
"../../../Engine/Content/EditorMeshes/Camera/SM_CraneRig_Base.uasset" 126
"../../../Engine/Content/EditorMeshes/Camera/SM_CraneRig_Body.uasset" 127
"../../../Engine/Content/EditorMeshes/Camera/SM_CraneRig_Mount.uasset" 128
"../../../Engine/Content/EditorMeshes/Camera/SM_RailRig_Mount.uasset" 129
"../../../Engine/Content/EditorMeshes/Camera/SM_RailRig_Track.uasset" 130
"../../../Engine/Content/EditorResources/BSPVertex.uasset" 131
"../../../Engine/Content/EditorResources/EmptyActor.uasset" 132
"../../../Engine/Content/EditorResources/S_Actor.uasset" 133
"../../../Engine/Content/EditorResources/S_Note.uasset" 134
"../../../Engine/Content/EditorResources/S_Solver.uasset" 135
"../../../Engine/Content/EditorResources/S_Terrain.uasset" 136
"../../../Engine/Content/EditorResources/S_Trigger.uasset" 137
"../../../Engine/Content/EditorResources/AudioIcons/S_AudioComponent.uasset" 138
"../../../Engine/Content/EditorResources/SequenceRecorder/Countdown.uasset" 139
"../../../Engine/Content/EditorResources/SequenceRecorder/RecordingIndicator.uasset" 140
"../../../Engine/Content/EngineDamageTypes/DmgTypeBP_Environmental.uasset" 141
"../../../Engine/Content/EngineDebugMaterials/DebugEditorMaterial.uasset" 142
"../../../Engine/Content/EngineDebugMaterials/DebugMeshMaterial.uasset" 143
"../../../Engine/Content/EngineDebugMaterials/M_SimpleUnlitTranslucent.uasset" 144
"../../../Engine/Content/EngineDebugMaterials/VolumeToRender.uasset" 145
"../../../Engine/Content/Functions/Engine_MaterialFunctions02/Utility/CameraDirectionVector.uasset" 146
"../../../Engine/Content/EngineDebugMaterials/M_VolumeRenderSphereTracePP.uasset" 147
"../../../Engine/Content/Functions/Engine_MaterialFunctions01/Shading/ConvertFromDiffSpec.uasset" 148
"../../../Engine/Content/EngineDebugMaterials/VertexColorMaterial.uasset" 149
"../../../Engine/Content/EngineDebugMaterials/WireframeMaterial.uasset" 150
"../../../Engine/Content/EngineFonts/Faces/RobotoLight.uasset" 151
"../../../Engine/Content/EngineFonts/Faces/RobotoItalic.uasset" 152
"../../../Engine/Content/EngineFonts/Faces/RobotoBoldItalic.uasset" 153
"../../../Engine/Content/EngineFonts/Faces/RobotoBold.uasset" 154
"../../../Engine/Content/EngineFonts/Faces/DroidSansFallback.uasset" 155
"../../../Engine/Content/EngineFonts/Faces/RobotoRegular.uasset" 156
"../../../Engine/Content/EngineFonts/Roboto.uasset" 157
"../../../Engine/Content/EngineMaterials/BaseFlattenNormalMap.uasset" 158
"../../../Engine/Content/EngineMaterials/BaseFlattenGrayscaleMap.uasset" 159
"../../../Engine/Content/EngineMaterials/BaseFlattenEmissiveMap.uasset" 160
"../../../Engine/Content/EngineMaterials/BaseFlattenDiffuseMap.uasset" 161
"../../../Engine/Content/EngineMaterials/BaseFlattenMaterial.uasset" 162
"../../../Engine/Content/EngineMaterials/BlueNoise.uasset" 163
"../../../Engine/Content/EngineMaterials/DefaultBloomKernel.uasset" 164
"../../../Engine/Content/EngineMaterials/DefaultBokeh.uasset" 165
"../../../Engine/Content/EngineMaterials/DefaultDiffuse.uasset" 166
"../../../Engine/Content/EngineMaterials/DefaultDeferredDecalMaterial.uasset" 167
"../../../Engine/Content/EngineMaterials/DefaultLightFunctionMaterial.uasset" 168
"../../../Engine/Content/EngineMaterials/DefaultPhysicalMaterial.uasset" 169
"../../../Engine/Content/Functions/Engine_MaterialFunctions02/Utility/BreakOutFloat2Components.uasset" 170
"../../../Engine/Content/EngineMaterials/DefaultPostProcessMaterial.uasset" 171
"../../../Engine/Content/EngineFonts/RobotoDistanceField.uasset" 172
"../../../Engine/Content/EngineMaterials/DefaultTextMaterialOpaque.uasset" 173
"../../../Engine/Content/EngineMaterials/DefaultWhiteGrid.uasset" 174
"../../../Engine/Content/EngineMaterials/DefaultWhiteGrid_Low.uasset" 175
"../../../Engine/Content/EngineMaterials/EmissiveMeshMaterial.uasset" 176
"../../../Engine/Content/EngineMaterials/GizmoMaterial.uasset" 177
"../../../Engine/Content/EngineMaterials/Good64x64TilingNoiseHighFreq.uasset" 178
"../../../Engine/Content/EngineMaterials/MiniFont.uasset" 179
"../../../Engine/Content/EngineMaterials/InvalidLightmapSettings.uasset" 180
"../../../Engine/Content/EngineMaterials/M_InvalidLightmapSettings.uasset" 181
"../../../Engine/Content/Functions/Engine_MaterialFunctions02/WorldPositionOffset/CameraOffset.uasset" 182
"../../../Engine/Content/EngineMaterials/PhAT_JointLimitMaterial.uasset" 183
"../../../Engine/Content/EngineMaterials/PreintegratedSkinBRDF.uasset" 184
"../../../Engine/Content/EngineMaterials/RemoveSurfaceMaterial.uasset" 185
"../../../Engine/Content/EngineMaterials/WeightMapPlaceholderTexture.uasset" 186
"../../../Engine/Content/EngineResources/WhiteSquareTexture.uasset" 187
"../../../Engine/Content/EngineMaterials/Widget3DPassThrough.uasset" 188
"../../../Engine/Content/EngineMaterials/Widget3DPassThrough_Masked.uasset" 189
"../../../Engine/Content/EngineMaterials/Widget3DPassThrough_Opaque.uasset" 190
"../../../Engine/Content/EngineMaterials/Widget3DPassThrough_Masked_OneSided.uasset" 191
"../../../Engine/Content/EngineMaterials/Widget3DPassThrough_Opaque_OneSided.uasset" 192
"../../../Engine/Content/EngineMaterials/Widget3DPassThrough_Translucent.uasset" 193
"../../../Engine/Content/EngineMaterials/Widget3DPassThrough_Translucent_OneSided.uasset" 194
"../../../Engine/Content/EngineMeshes/Cube.uasset" 195
"../../../Engine/Content/EngineMeshes/Cylinder.uasset" 196
"../../../Engine/Content/EngineMeshes/Sphere.uasset" 197
"../../../Engine/Content/EngineResources/Black.uasset" 198
"../../../Engine/Content/EngineResources/DefaultTextureCube.uasset" 199
"../../../Engine/Content/EngineResources/DefaultVolumeTexture2D.uasset" 200
"../../../Engine/Content/EngineResources/DefaultVolumeTexture.uasset" 201
"../../../Engine/Content/EngineResources/GradientTexture0.uasset" 202
"../../../Engine/Content/EngineSky/VolumetricClouds/T_NoiseShape64.uasset" 203
"../../../Engine/Content/EngineSky/VolumetricClouds/T_VolumeNoiseShape64.uasset" 204
"../../../Engine/Content/EngineSky/VolumetricClouds/T_NoiseErosion.uasset" 205
"../../../Engine/Content/EngineSky/VolumetricClouds/T_VolumeNoiseErosion32.uasset" 206
"../../../Engine/Content/EngineSky/VolumetricClouds/CloudWeatherTexture.uasset" 207
"../../../Engine/Content/EngineSky/VolumetricClouds/CloudGradientTexture.uasset" 208
"../../../Engine/Content/Functions/Engine_MaterialFunctions02/Utility/MakeFloat2.uasset" 209
"../../../Engine/Content/EngineSky/VolumetricClouds/m_SimpleVolumetricCloud.uasset" 210
"../../../Engine/Content/EngineSky/VolumetricClouds/m_SimpleVolumetricCloud_Inst.uasset" 211
"../../../Engine/Content/EngineSounds/Master.uasset" 212
"../../../Engine/Content/Functions/Engine_MaterialFunctions01/Shading/PowerToRoughness.uasset" 213
"../../../Engine/Content/Maps/Templates/Thumbnails/Default.uasset" 214
"../../../Engine/Content/Maps/Templates/Thumbnails/TimeOfDay.uasset" 215
"../../../Engine/Content/Maps/Templates/Thumbnails/VR-Basic.uasset" 216
"../../../Engine/Content/MobileResources/T_MobileControls_texture.uasset" 217
"../../../Engine/Content/MobileResources/T_MobileMenu2.uasset" 218
"../../../Engine/Content/MobileResources/HUD/AnalogHat.uasset" 219
"../../../Engine/Content/MobileResources/HUD/VirtualJoystick_Thumb.uasset" 220
"../../../Engine/Content/MobileResources/HUD/VirtualJoystick_Background.uasset" 221
"../../../Engine/Content/MobileResources/HUD/DefaultVirtualJoysticks.uasset" 222
"../../../Engine/Content/MobileResources/HUD/LeftVirtualJoystickOnly.uasset" 223
"../../../Engine/Content/MobileResources/HUD/MobileHUDButton1_off.uasset" 224
"../../../Engine/Content/MobileResources/HUD/MobileHUDButton1_on.uasset" 225
"../../../Engine/Content/MobileResources/HUD/MobileHUDButton2_off.uasset" 226
"../../../Engine/Content/MobileResources/HUD/MobileHUDButton2_on.uasset" 227
"../../../Engine/Content/MobileResources/HUD/MobileHUDButton3.uasset" 228
"../../../Engine/Content/MobileResources/HUD/MobileHUDButtonFire.uasset" 229
"../../../Engine/Content/MobileResources/HUD/MobileHUDDirectionPad.uasset" 230
"../../../Engine/Content/MobileResources/HUD/MobileHUDDirectionPad2.uasset" 231
"../../../Engine/Content/MobileResources/HUD/MobileHUDDirectionPad3.uasset" 232
"../../../Engine/Content/MobileResources/HUD/MobileHUDDirectionStick.uasset" 233
"../../../Engine/Content/MobileResources/HUD/T_Castle_ThumbstickInner.uasset" 234
"../../../Engine/Content/MobileResources/HUD/T_Castle_ThumbstickOutter.uasset" 235
"../../../Engine/Content/Tutorial/ContentIntroCurve.uasset" 236
"../../../Engine/Content/Tutorial/Basics/LevelEditorAttract.uasset" 237
"../../../Engine/Content/Tutorial/Basics/TutorialAssets/icon_tab_Levels_40x.uasset" 238
"../../../Engine/Content/Tutorial/Basics/LevelEditorOverview.uasset" 239
"../../../Engine/Content/Tutorial/BlueprintTutorials/TutorialAssets/Blueprint_64x.uasset" 240
"../../../Engine/Content/Tutorial/BlueprintTutorials/BlueprintEditorTutorial.uasset" 241
"../../../Engine/Content/Tutorial/BlueprintTutorials/TutorialAssets/BlueprintInterface_64x.uasset" 242
"../../../Engine/Content/Tutorial/BlueprintTutorials/BlueprintInterfacesEditorOverview.uasset" 243
"../../../Engine/Content/Tutorial/BlueprintTutorials/LevelBlueprintEditorOverview.uasset" 244
"../../../Engine/Content/Tutorial/BlueprintTutorials/TutorialAssets/Tutorial_BP_Interface.uasset" 245
"../../../Engine/Content/Tutorial/Landscape/TutorialAssets/Landscape.uasset" 246
"../../../Engine/Content/Tutorial/Landscape/LandscapeWalkThrough.uasset" 247
"../../../Engine/Content/Tutorial/Landscape/Landscape_Manage_Mode.uasset" 248
"../../../Engine/Content/Tutorial/Landscape/Landscape_Painting_Mode.uasset" 249
"../../../Engine/Content/Tutorial/Landscape/Landscape_Sculpt_Mode.uasset" 250
"../../../Engine/Content/Tutorial/SubEditors/MaterialEditorTutorial.uasset" 251
"../../../Engine/Content/Tutorial/SubEditors/ParticleSystemEditorTutorial.uasset" 252
"../../../Engine/Content/Tutorial/SubEditors/StaticMeshEditorTutorial.uasset" 253
"../../../Engine/Content/Tutorial/SubEditors/TutorialAssets/TutorialMaterial.uasset" 254
"../../../Engine/Content/Tutorial/SubEditors/TutorialAssets/T_soft_smoke.uasset" 255
"../../../Engine/Content/Tutorial/SubEditors/TutorialAssets/T_SmokeSubUV_8X8.uasset" 256
"../../../Engine/Content/Tutorial/SubEditors/TutorialAssets/M_smoke_subUV_blackbody.uasset" 257
"../../../Engine/Content/Tutorial/SubEditors/TutorialAssets/TutorialParticleSystem.uasset" 258
"../../../Engine/Content/VREditor/TransformGizmo/TranslucentTransformGizmoMaterial.uasset" 259
"../../../Engine/Content/VREditor/LaserPointer/VR_LaserPower_01.uasset" 260
"../../../Engine/Content/VREditor/TransformGizmo/TransformGizmoMaterial.uasset" 261
"../../../Engine/Content/VREditor/TransformGizmo/BoundingBoxCorner.uasset" 262
"../../../Engine/Content/VREditor/TransformGizmo/BoundingBoxEdge.uasset" 263
"../../../Engine/Content/VREditor/TransformGizmo/PlaneTranslationHandle.uasset" 264
"../../../Engine/Content/VREditor/TransformGizmo/Xray.uasset" 265
"../../../Engine/Content/VREditor/TransformGizmo/Main.uasset" 266
"../../../Engine/Content/VREditor/TransformGizmo/SM_Sequencer_Key.uasset" 267
"../../../Engine/Content/VREditor/TransformGizmo/SM_Sequencer_Node.uasset" 268
"../../Plugins/2D/Paper2D/Content/PlaceholderTextures/DummySpriteTexture.uasset" 269
"../../Plugins/2D/Paper2D/Content/DummySprite.uasset" 270
"../../Plugins/2D/Paper2D/Content/DefaultPaperTerrainMaterial.uasset" 271
"../../Plugins/2D/Paper2D/Content/DefaultSpriteMaterial.uasset" 272
"../../Plugins/2D/Paper2D/Content/MaskedUnlitSpriteMaterial.uasset" 273
"../../Plugins/2D/Paper2D/Content/OpaqueUnlitSpriteMaterial.uasset" 274
"../../../Engine/Content/BasicShapes/Cylinder.uasset" 275
"../../../Engine/Content/ArtTools/RenderToTexture/Materials/Debug/M_Emissive_Color.uasset" 276
"../../Plugins/Lumin/MagicLeapPassableWorld/Content/MagicLeapARPinInfoActor.uasset" 277
"../../../Engine/Content/Functions/Engine_MaterialFunctions02/Utility/BreakOutFloat3Components.uasset" 278
"../../Plugins/Editor/SpeedTreeImporter/Content/SpeedTree9/UnpackInteger3.uasset" 279
"../../Plugins/Editor/SpeedTreeImporter/Content/SpeedTree9/UnpackDirection.uasset" 280
"../../Plugins/Editor/SpeedTreeImporter/Content/SpeedTree9/game_wind_noise.uasset" 281
"../../../Engine/Content/Functions/Engine_MaterialFunctions02/SafeNormalize.uasset" 282
"../../Plugins/Editor/SpeedTreeImporter/Content/SpeedTree9/SpeedTreeWindMotion.uasset" 283
"../../Plugins/Editor/SpeedTreeImporter/Content/SpeedTree9/SpeedTreeBranchMotion.uasset" 284
"../../../Engine/Content/Functions/Engine_MaterialFunctions02/ObjectLocalBounds.uasset" 285
"../../../Engine/Content/Functions/Engine_MaterialFunctions02/UVs/BoundingBoxBased_0-1_UVW.uasset" 286
"../../Plugins/Editor/SpeedTreeImporter/Content/SpeedTree9/SpeedTreeWind.uasset" 287
"../../Plugins/Editor/SpeedTreeImporter/Content/SpeedTree9/SpeedTreeBillboard.uasset" 288
"../../../Engine/Content/EngineResources/DefaultTexture.uasset" 289
"../../Plugins/Editor/SpeedTreeImporter/Content/SpeedTree9/SpeedTreeBillboardMaster.uasset" 290
"../../Plugins/Editor/SpeedTreeImporter/Content/SpeedTree9/SpeedTreeCameraFacing.uasset" 291
"../../Plugins/Editor/SpeedTreeImporter/Content/SpeedTree9/SpeedTreeMaster.uasset" 292
"../../../Engine/Content/Functions/Engine_MaterialFunctions02/Utility/BreakOutFloat4Components.uasset" 293
"../../../Engine/Content/Functions/Engine_MaterialFunctions02/Utility/MakeFloat3.uasset" 294
"../../Plugins/Runtime/Oculus/OculusVR/Content/Materials/OculusMR_ChromaKey.uasset" 295
"../../Plugins/Runtime/Oculus/OculusVR/Content/Materials/OculusMR_OpaqueColoredMaterial.uasset" 296
"../../Plugins/Runtime/Oculus/OculusVR/Content/Materials/PokeAHoleMaterial.uasset" 297
"D:/UnrealEngine/PacMan/Content/TopDownBP/UI/Highscores.uasset" 298
"D:/UnrealEngine/PacMan/Content/TopDownBP/UI/ArbuckleInlineNF.uasset" 299
"D:/UnrealEngine/PacMan/Content/TopDownBP/UI/ArbuckleInlineNF_Font.uasset" 300
"D:/UnrealEngine/PacMan/Content/TopDownBP/UI/MainMenu.uasset" 301
"D:/UnrealEngine/PacMan/Content/TopDownBP/Maps/MainMenu.umap" 302
"D:/UnrealEngine/PacMan/Content/TopDownBP/Characters/Ghost/Pink_Inst.uasset" 303
"D:/UnrealEngine/PacMan/Content/Sounds/teleport.uasset" 304
"D:/UnrealEngine/PacMan/Content/TopDownBP/Blueprints/Teleporter.uasset" 305
"D:/UnrealEngine/PacMan/Content/TopDownBP/Characters/Ghost/Red_Inst.uasset" 306
"D:/UnrealEngine/PacMan/Content/TopDownBP/Characters/Ghost/Blue_Inst.uasset" 307
"../../Plugins/Enterprise/DatasmithContent/Content/Meshes/sphere.uasset" 308
"D:/UnrealEngine/PacMan/Content/Sounds/power_dot_collect.uasset" 309
"D:/UnrealEngine/PacMan/Content/Sounds/dot_collect_alt.uasset" 310
"D:/UnrealEngine/PacMan/Content/Geometry/Materials/Dot_Instance.uasset" 311
"D:/UnrealEngine/PacMan/Content/TopDownBP/Blueprints/BP_Dot.uasset" 312
"D:/UnrealEngine/PacMan/Content/TopDownBP/Characters/Ghost/White_Inst.uasset" 313
"D:/UnrealEngine/PacMan/Content/TopDownBP/Characters/Ghost/Eaten_Inst.uasset" 314
"D:/UnrealEngine/PacMan/Content/TopDownBP/Characters/Ghost/ghost_Anim.uasset" 315
"D:/UnrealEngine/PacMan/Content/TopDownBP/Characters/Ghost/GhostAnimBP.uasset" 316
"D:/UnrealEngine/PacMan/Content/TopDownBP/AI/E_GhostStates.uasset" 317
"D:/UnrealEngine/PacMan/Content/TopDownBP/AI/BTT_Scatter.uasset" 318
"D:/UnrealEngine/PacMan/Content/TopDownBP/AI/BTT_Frightened.uasset" 319
"D:/UnrealEngine/PacMan/Content/TopDownBP/AI/BTT_DefaultMaterial.uasset" 320
"D:/UnrealEngine/PacMan/Content/TopDownBP/AI/BTT_Chase.uasset" 321
"D:/UnrealEngine/PacMan/Content/TopDownBP/AI/BTS_ScatterToChase.uasset" 322
"D:/UnrealEngine/PacMan/Content/TopDownBP/AI/BTS_FrightenedToChase.uasset" 323
"D:/UnrealEngine/PacMan/Content/TopDownBP/AI/BTS_ChaseToScatter.uasset" 324
"D:/UnrealEngine/PacMan/Content/TopDownBP/AI/BB_Ghost.uasset" 325
"D:/UnrealEngine/PacMan/Content/TopDownBP/AI/BT_Ghost.uasset" 326
"D:/UnrealEngine/PacMan/Content/TopDownBP/AI/AIC_Ghost.uasset" 327
"D:/UnrealEngine/PacMan/Content/Sounds/eat_ghost.uasset" 328
"D:/UnrealEngine/PacMan/Content/TopDownBP/AI/BP_Ghost.uasset" 329
"D:/UnrealEngine/PacMan/Content/TopDownBP/Characters/Ghost/Turquoise_Inst.uasset" 330
"D:/UnrealEngine/PacMan/Content/Geometry/Meshes/pac-man_3.uasset" 331
"D:/UnrealEngine/PacMan/Content/Geometry/Meshes/1M_Cube.uasset" 332
"D:/UnrealEngine/PacMan/Content/TopDownBP/Maps/Level_1.umap" 333
"../../../Engine/Content/Maps/Entry_BuiltData.uasset" 334
"../../../Engine/Content/Maps/Entry.umap" 335
